{"E:\\Projects\\use-calendar\\src\\constants.ts": {"path":"E:\\Projects\\use-calendar\\src\\constants.ts","all":false,"statementMap":{"0":{"start":{"line":1,"column":0},"end":{"line":1,"column":69}},"1":{"start":{"line":2,"column":0},"end":{"line":2,"column":17}},"2":{"start":{"line":3,"column":0},"end":{"line":3,"column":33}},"3":{"start":{"line":4,"column":0},"end":{"line":4,"column":12}},"4":{"start":{"line":5,"column":0},"end":{"line":5,"column":13}},"5":{"start":{"line":6,"column":0},"end":{"line":6,"column":10}},"6":{"start":{"line":7,"column":0},"end":{"line":7,"column":8}},"7":{"start":{"line":8,"column":0},"end":{"line":8,"column":10}},"8":{"start":{"line":9,"column":0},"end":{"line":9,"column":11}},"9":{"start":{"line":10,"column":0},"end":{"line":10,"column":8}},"10":{"start":{"line":11,"column":0},"end":{"line":11,"column":9}},"11":{"start":{"line":12,"column":0},"end":{"line":12,"column":8}},"12":{"start":{"line":13,"column":0},"end":{"line":13,"column":7}},"13":{"start":{"line":14,"column":0},"end":{"line":14,"column":9}},"14":{"start":{"line":15,"column":0},"end":{"line":15,"column":10}},"15":{"start":{"line":16,"column":0},"end":{"line":16,"column":1}},"16":{"start":{"line":17,"column":0},"end":{"line":17,"column":0}},"17":{"start":{"line":18,"column":0},"end":{"line":18,"column":37}},"18":{"start":{"line":19,"column":0},"end":{"line":19,"column":12}},"19":{"start":{"line":20,"column":0},"end":{"line":20,"column":13}},"20":{"start":{"line":21,"column":0},"end":{"line":21,"column":10}},"21":{"start":{"line":22,"column":0},"end":{"line":22,"column":10}},"22":{"start":{"line":23,"column":0},"end":{"line":23,"column":8}},"23":{"start":{"line":24,"column":0},"end":{"line":24,"column":9}},"24":{"start":{"line":25,"column":0},"end":{"line":25,"column":9}},"25":{"start":{"line":26,"column":0},"end":{"line":26,"column":11}},"26":{"start":{"line":27,"column":0},"end":{"line":27,"column":14}},"27":{"start":{"line":28,"column":0},"end":{"line":28,"column":12}},"28":{"start":{"line":29,"column":0},"end":{"line":29,"column":13}},"29":{"start":{"line":30,"column":0},"end":{"line":30,"column":13}},"30":{"start":{"line":31,"column":0},"end":{"line":31,"column":1}}},"s":{"0":1,"1":1,"2":1,"3":1,"4":1,"5":1,"6":1,"7":1,"8":1,"9":1,"10":1,"11":1,"12":1,"13":1,"14":1,"15":22,"16":1,"17":1,"18":1,"19":1,"20":1,"21":1,"22":1,"23":1,"24":1,"25":1,"26":1,"27":1,"28":1,"29":1,"30":0},"branchMap":{"0":{"type":"branch","line":1,"loc":{"start":{"line":1,"column":68},"end":{"line":1,"column":69}},"locations":[{"start":{"line":1,"column":68},"end":{"line":1,"column":69}}]},"1":{"type":"branch","line":16,"loc":{"start":{"line":16,"column":0},"end":{"line":16,"column":1}},"locations":[{"start":{"line":16,"column":0},"end":{"line":16,"column":1}}]}},"b":{"0":[14],"1":[22]},"fnMap":{"0":{"name":"get","decl":{"start":{"line":1,"column":68},"end":{"line":1,"column":69}},"loc":{"start":{"line":1,"column":68},"end":{"line":1,"column":69}},"line":1},"1":{"name":"get","decl":{"start":{"line":16,"column":0},"end":{"line":16,"column":1}},"loc":{"start":{"line":16,"column":0},"end":{"line":16,"column":1}},"line":16},"2":{"name":"get","decl":{"start":{"line":31,"column":0},"end":{"line":31,"column":1}},"loc":{"start":{"line":31,"column":0},"end":{"line":31,"column":1}},"line":31}},"f":{"0":14,"1":22,"2":0}}
,"E:\\Projects\\use-calendar\\src\\use-persian-calendar.tsx": {"path":"E:\\Projects\\use-calendar\\src\\use-persian-calendar.tsx","all":false,"statementMap":{"0":{"start":{"line":1,"column":0},"end":{"line":1,"column":54}},"1":{"start":{"line":2,"column":0},"end":{"line":2,"column":35}},"2":{"start":{"line":3,"column":0},"end":{"line":3,"column":44}},"3":{"start":{"line":4,"column":0},"end":{"line":4,"column":54}},"4":{"start":{"line":5,"column":0},"end":{"line":5,"column":8}},"5":{"start":{"line":6,"column":0},"end":{"line":6,"column":19}},"6":{"start":{"line":7,"column":0},"end":{"line":7,"column":17}},"7":{"start":{"line":8,"column":0},"end":{"line":8,"column":16}},"8":{"start":{"line":9,"column":0},"end":{"line":9,"column":15}},"9":{"start":{"line":10,"column":0},"end":{"line":10,"column":19}},"10":{"start":{"line":11,"column":0},"end":{"line":11,"column":22}},"11":{"start":{"line":12,"column":0},"end":{"line":12,"column":10}},"12":{"start":{"line":13,"column":0},"end":{"line":13,"column":33}},"13":{"start":{"line":14,"column":0},"end":{"line":14,"column":29}},"14":{"start":{"line":15,"column":0},"end":{"line":15,"column":15}},"15":{"start":{"line":16,"column":0},"end":{"line":16,"column":56}},"16":{"start":{"line":17,"column":0},"end":{"line":17,"column":0}},"17":{"start":{"line":18,"column":0},"end":{"line":18,"column":55}},"18":{"start":{"line":19,"column":0},"end":{"line":19,"column":47}},"19":{"start":{"line":20,"column":0},"end":{"line":20,"column":28}},"20":{"start":{"line":21,"column":0},"end":{"line":21,"column":19}},"21":{"start":{"line":22,"column":0},"end":{"line":22,"column":19}},"22":{"start":{"line":23,"column":0},"end":{"line":23,"column":3}},"23":{"start":{"line":24,"column":0},"end":{"line":24,"column":44}},"24":{"start":{"line":25,"column":0},"end":{"line":25,"column":9}},"25":{"start":{"line":26,"column":0},"end":{"line":26,"column":76}},"26":{"start":{"line":27,"column":0},"end":{"line":27,"column":30}},"27":{"start":{"line":28,"column":0},"end":{"line":28,"column":15}},"28":{"start":{"line":29,"column":0},"end":{"line":29,"column":19}},"29":{"start":{"line":30,"column":0},"end":{"line":30,"column":3}},"30":{"start":{"line":31,"column":0},"end":{"line":31,"column":0}},"31":{"start":{"line":32,"column":0},"end":{"line":32,"column":90}},"32":{"start":{"line":33,"column":0},"end":{"line":33,"column":43}},"33":{"start":{"line":34,"column":0},"end":{"line":34,"column":0}},"34":{"start":{"line":35,"column":0},"end":{"line":35,"column":94}},"35":{"start":{"line":36,"column":0},"end":{"line":36,"column":93}},"36":{"start":{"line":37,"column":0},"end":{"line":37,"column":76}},"37":{"start":{"line":38,"column":0},"end":{"line":38,"column":0}},"38":{"start":{"line":39,"column":0},"end":{"line":39,"column":29}},"39":{"start":{"line":40,"column":0},"end":{"line":40,"column":9}},"40":{"start":{"line":41,"column":0},"end":{"line":41,"column":40}},"41":{"start":{"line":42,"column":0},"end":{"line":42,"column":48}},"42":{"start":{"line":43,"column":0},"end":{"line":43,"column":32}},"43":{"start":{"line":44,"column":0},"end":{"line":44,"column":9}},"44":{"start":{"line":45,"column":0},"end":{"line":45,"column":22}},"45":{"start":{"line":46,"column":0},"end":{"line":46,"column":3}},"46":{"start":{"line":47,"column":0},"end":{"line":47,"column":55}},"47":{"start":{"line":48,"column":0},"end":{"line":48,"column":43}},"48":{"start":{"line":49,"column":0},"end":{"line":49,"column":9}},"49":{"start":{"line":50,"column":0},"end":{"line":50,"column":41}},"50":{"start":{"line":51,"column":0},"end":{"line":51,"column":39}},"51":{"start":{"line":52,"column":0},"end":{"line":52,"column":83}},"52":{"start":{"line":53,"column":0},"end":{"line":53,"column":37}},"53":{"start":{"line":54,"column":0},"end":{"line":54,"column":37}},"54":{"start":{"line":55,"column":0},"end":{"line":55,"column":74}},"55":{"start":{"line":56,"column":0},"end":{"line":56,"column":17}},"56":{"start":{"line":57,"column":0},"end":{"line":57,"column":69}},"57":{"start":{"line":58,"column":0},"end":{"line":58,"column":96}},"58":{"start":{"line":59,"column":0},"end":{"line":59,"column":38}},"59":{"start":{"line":60,"column":0},"end":{"line":60,"column":9}},"60":{"start":{"line":61,"column":0},"end":{"line":61,"column":39}},"61":{"start":{"line":62,"column":0},"end":{"line":62,"column":3}},"62":{"start":{"line":63,"column":0},"end":{"line":63,"column":0}},"63":{"start":{"line":64,"column":0},"end":{"line":64,"column":46}},"64":{"start":{"line":65,"column":0},"end":{"line":65,"column":72}},"65":{"start":{"line":66,"column":0},"end":{"line":66,"column":8}},"66":{"start":{"line":67,"column":0},"end":{"line":67,"column":0}},"67":{"start":{"line":68,"column":0},"end":{"line":68,"column":66}},"68":{"start":{"line":69,"column":0},"end":{"line":69,"column":38}},"69":{"start":{"line":70,"column":0},"end":{"line":70,"column":92}},"70":{"start":{"line":71,"column":0},"end":{"line":71,"column":70}},"71":{"start":{"line":72,"column":0},"end":{"line":72,"column":52}},"72":{"start":{"line":73,"column":0},"end":{"line":73,"column":6}},"73":{"start":{"line":74,"column":0},"end":{"line":74,"column":8}},"74":{"start":{"line":75,"column":0},"end":{"line":75,"column":0}},"75":{"start":{"line":76,"column":0},"end":{"line":76,"column":68}},"76":{"start":{"line":77,"column":0},"end":{"line":77,"column":83}},"77":{"start":{"line":78,"column":0},"end":{"line":78,"column":38}},"78":{"start":{"line":79,"column":0},"end":{"line":79,"column":98}},"79":{"start":{"line":80,"column":0},"end":{"line":80,"column":52}},"80":{"start":{"line":81,"column":0},"end":{"line":81,"column":6}},"81":{"start":{"line":82,"column":0},"end":{"line":82,"column":8}},"82":{"start":{"line":83,"column":0},"end":{"line":83,"column":0}},"83":{"start":{"line":84,"column":0},"end":{"line":84,"column":46}},"84":{"start":{"line":85,"column":0},"end":{"line":85,"column":77}},"85":{"start":{"line":86,"column":0},"end":{"line":86,"column":8}},"86":{"start":{"line":87,"column":0},"end":{"line":87,"column":0}},"87":{"start":{"line":88,"column":0},"end":{"line":88,"column":39}},"88":{"start":{"line":89,"column":0},"end":{"line":89,"column":65}},"89":{"start":{"line":90,"column":0},"end":{"line":90,"column":22}},"90":{"start":{"line":91,"column":0},"end":{"line":91,"column":0}},"91":{"start":{"line":92,"column":0},"end":{"line":92,"column":25}},"92":{"start":{"line":93,"column":0},"end":{"line":93,"column":75}},"93":{"start":{"line":94,"column":0},"end":{"line":94,"column":36}},"94":{"start":{"line":95,"column":0},"end":{"line":95,"column":18}},"95":{"start":{"line":96,"column":0},"end":{"line":96,"column":0}},"96":{"start":{"line":97,"column":0},"end":{"line":97,"column":10}},"97":{"start":{"line":98,"column":0},"end":{"line":98,"column":9}},"98":{"start":{"line":99,"column":0},"end":{"line":99,"column":15}},"99":{"start":{"line":100,"column":0},"end":{"line":100,"column":15}},"100":{"start":{"line":101,"column":0},"end":{"line":101,"column":20}},"101":{"start":{"line":102,"column":0},"end":{"line":102,"column":15}},"102":{"start":{"line":103,"column":0},"end":{"line":103,"column":10}},"103":{"start":{"line":104,"column":0},"end":{"line":104,"column":21}},"104":{"start":{"line":105,"column":0},"end":{"line":105,"column":21}},"105":{"start":{"line":106,"column":0},"end":{"line":106,"column":20}},"106":{"start":{"line":107,"column":0},"end":{"line":107,"column":21}},"107":{"start":{"line":108,"column":0},"end":{"line":108,"column":14}},"108":{"start":{"line":109,"column":0},"end":{"line":109,"column":3}},"109":{"start":{"line":110,"column":0},"end":{"line":110,"column":1}},"110":{"start":{"line":111,"column":0},"end":{"line":111,"column":0}},"111":{"start":{"line":112,"column":0},"end":{"line":112,"column":29}}},"s":{"0":1,"1":1,"2":1,"3":1,"4":1,"5":1,"6":1,"7":1,"8":1,"9":1,"10":1,"11":1,"12":1,"13":1,"14":1,"15":1,"16":1,"17":1,"18":23,"19":0,"20":0,"21":0,"22":0,"23":23,"24":23,"25":14,"26":12,"27":2,"28":23,"29":23,"30":23,"31":23,"32":23,"33":23,"34":23,"35":23,"36":23,"37":23,"38":23,"39":23,"40":20,"41":240,"42":240,"43":20,"44":23,"45":23,"46":23,"47":23,"48":23,"49":23,"50":840,"51":840,"52":840,"53":840,"54":770,"55":70,"56":840,"57":840,"58":840,"59":23,"60":23,"61":23,"62":23,"63":23,"64":2,"65":23,"66":23,"67":23,"68":3,"69":3,"70":3,"71":3,"72":3,"73":23,"74":23,"75":23,"76":2,"77":2,"78":2,"79":2,"80":2,"81":23,"82":23,"83":23,"84":2,"85":23,"86":23,"87":23,"88":1,"89":23,"90":23,"91":23,"92":0,"93":0,"94":23,"95":23,"96":23,"97":23,"98":23,"99":23,"100":23,"101":23,"102":23,"103":23,"104":23,"105":23,"106":23,"107":23,"108":23,"109":23,"110":1,"111":1},"branchMap":{"0":{"type":"branch","line":18,"loc":{"start":{"line":18,"column":27},"end":{"line":110,"column":1}},"locations":[{"start":{"line":18,"column":27},"end":{"line":110,"column":1}}]},"1":{"type":"branch","line":19,"loc":{"start":{"line":19,"column":37},"end":{"line":23,"column":3}},"locations":[{"start":{"line":19,"column":37},"end":{"line":23,"column":3}}]},"2":{"type":"branch","line":32,"loc":{"start":{"line":32,"column":55},"end":{"line":32,"column":81}},"locations":[{"start":{"line":32,"column":55},"end":{"line":32,"column":81}}]},"3":{"type":"branch","line":32,"loc":{"start":{"line":32,"column":68},"end":{"line":32,"column":89}},"locations":[{"start":{"line":32,"column":68},"end":{"line":32,"column":89}}]},"4":{"type":"branch","line":25,"loc":{"start":{"line":25,"column":4},"end":{"line":28,"column":15}},"locations":[{"start":{"line":25,"column":4},"end":{"line":28,"column":15}}]},"5":{"type":"branch","line":26,"loc":{"start":{"line":26,"column":75},"end":{"line":27,"column":30}},"locations":[{"start":{"line":26,"column":75},"end":{"line":27,"column":30}}]},"6":{"type":"branch","line":27,"loc":{"start":{"line":27,"column":29},"end":{"line":28,"column":15}},"locations":[{"start":{"line":27,"column":29},"end":{"line":28,"column":15}}]},"7":{"type":"branch","line":33,"loc":{"start":{"line":33,"column":24},"end":{"line":33,"column":40}},"locations":[{"start":{"line":33,"column":24},"end":{"line":33,"column":40}}]},"8":{"type":"branch","line":35,"loc":{"start":{"line":35,"column":39},"end":{"line":35,"column":77}},"locations":[{"start":{"line":35,"column":39},"end":{"line":35,"column":77}}]},"9":{"type":"branch","line":36,"loc":{"start":{"line":36,"column":34},"end":{"line":36,"column":76}},"locations":[{"start":{"line":36,"column":34},"end":{"line":36,"column":76}}]},"10":{"type":"branch","line":37,"loc":{"start":{"line":37,"column":29},"end":{"line":37,"column":59}},"locations":[{"start":{"line":37,"column":29},"end":{"line":37,"column":59}}]},"11":{"type":"branch","line":40,"loc":{"start":{"line":40,"column":4},"end":{"line":44,"column":9}},"locations":[{"start":{"line":40,"column":4},"end":{"line":44,"column":9}}]},"12":{"type":"branch","line":41,"loc":{"start":{"line":41,"column":29},"end":{"line":44,"column":7}},"locations":[{"start":{"line":41,"column":29},"end":{"line":44,"column":7}}]},"13":{"type":"branch","line":47,"loc":{"start":{"line":47,"column":29},"end":{"line":47,"column":52}},"locations":[{"start":{"line":47,"column":29},"end":{"line":47,"column":52}}]},"14":{"type":"branch","line":49,"loc":{"start":{"line":49,"column":4},"end":{"line":60,"column":9}},"locations":[{"start":{"line":49,"column":4},"end":{"line":60,"column":9}}]},"15":{"type":"branch","line":50,"loc":{"start":{"line":50,"column":31},"end":{"line":60,"column":7}},"locations":[{"start":{"line":50,"column":31},"end":{"line":60,"column":7}}]},"16":{"type":"branch","line":54,"loc":{"start":{"line":54,"column":27},"end":{"line":55,"column":74}},"locations":[{"start":{"line":54,"column":27},"end":{"line":55,"column":74}}]},"17":{"type":"branch","line":55,"loc":{"start":{"line":55,"column":73},"end":{"line":56,"column":17}},"locations":[{"start":{"line":55,"column":73},"end":{"line":56,"column":17}}]},"18":{"type":"branch","line":64,"loc":{"start":{"line":64,"column":39},"end":{"line":66,"column":5}},"locations":[{"start":{"line":64,"column":39},"end":{"line":66,"column":5}}]},"19":{"type":"branch","line":65,"loc":{"start":{"line":65,"column":22},"end":{"line":65,"column":71}},"locations":[{"start":{"line":65,"column":22},"end":{"line":65,"column":71}}]},"20":{"type":"branch","line":68,"loc":{"start":{"line":68,"column":38},"end":{"line":74,"column":5}},"locations":[{"start":{"line":68,"column":38},"end":{"line":74,"column":5}}]},"21":{"type":"branch","line":69,"loc":{"start":{"line":69,"column":22},"end":{"line":73,"column":5}},"locations":[{"start":{"line":69,"column":22},"end":{"line":73,"column":5}}]},"22":{"type":"branch","line":72,"loc":{"start":{"line":72,"column":33},"end":{"line":72,"column":52}},"locations":[{"start":{"line":72,"column":33},"end":{"line":72,"column":52}}]},"23":{"type":"branch","line":76,"loc":{"start":{"line":76,"column":39},"end":{"line":82,"column":5}},"locations":[{"start":{"line":76,"column":39},"end":{"line":82,"column":5}}]},"24":{"type":"branch","line":77,"loc":{"start":{"line":77,"column":74},"end":{"line":77,"column":83}},"locations":[{"start":{"line":77,"column":74},"end":{"line":77,"column":83}}]},"25":{"type":"branch","line":78,"loc":{"start":{"line":78,"column":22},"end":{"line":81,"column":5}},"locations":[{"start":{"line":78,"column":22},"end":{"line":81,"column":5}}]},"26":{"type":"branch","line":80,"loc":{"start":{"line":80,"column":29},"end":{"line":80,"column":43}},"locations":[{"start":{"line":80,"column":29},"end":{"line":80,"column":43}}]},"27":{"type":"branch","line":80,"loc":{"start":{"line":80,"column":33},"end":{"line":80,"column":52}},"locations":[{"start":{"line":80,"column":33},"end":{"line":80,"column":52}}]},"28":{"type":"branch","line":84,"loc":{"start":{"line":84,"column":39},"end":{"line":86,"column":5}},"locations":[{"start":{"line":84,"column":39},"end":{"line":86,"column":5}}]},"29":{"type":"branch","line":85,"loc":{"start":{"line":85,"column":22},"end":{"line":85,"column":76}},"locations":[{"start":{"line":85,"column":22},"end":{"line":85,"column":76}}]},"30":{"type":"branch","line":88,"loc":{"start":{"line":88,"column":32},"end":{"line":90,"column":5}},"locations":[{"start":{"line":88,"column":32},"end":{"line":90,"column":5}}]},"31":{"type":"branch","line":112,"loc":{"start":{"line":112,"column":9},"end":{"line":112,"column":29}},"locations":[{"start":{"line":112,"column":9},"end":{"line":112,"column":29}}]}},"b":{"0":[23],"1":[0],"2":[21],"3":[2],"4":[14],"5":[12],"6":[2],"7":[14],"8":[23],"9":[23],"10":[23],"11":[20],"12":[240],"13":[14],"14":[23],"15":[840],"16":[770],"17":[70],"18":[2],"19":[2],"20":[3],"21":[3],"22":[0],"23":[2],"24":[0],"25":[2],"26":[1],"27":[1],"28":[2],"29":[2],"30":[1],"31":[23]},"fnMap":{"0":{"name":"usePersianCalendar","decl":{"start":{"line":18,"column":27},"end":{"line":110,"column":1}},"loc":{"start":{"line":18,"column":27},"end":{"line":110,"column":1}},"line":18},"1":{"name":"get","decl":{"start":{"line":112,"column":9},"end":{"line":112,"column":29}},"loc":{"start":{"line":112,"column":9},"end":{"line":112,"column":29}},"line":112}},"f":{"0":23,"1":23}}
,"E:\\Projects\\use-calendar\\src\\util.ts": {"path":"E:\\Projects\\use-calendar\\src\\util.ts","all":false,"statementMap":{"0":{"start":{"line":1,"column":0},"end":{"line":1,"column":47}},"1":{"start":{"line":2,"column":0},"end":{"line":2,"column":88}},"2":{"start":{"line":3,"column":0},"end":{"line":3,"column":41}},"3":{"start":{"line":4,"column":0},"end":{"line":4,"column":0}},"4":{"start":{"line":5,"column":0},"end":{"line":5,"column":63}},"5":{"start":{"line":6,"column":0},"end":{"line":6,"column":17}},"6":{"start":{"line":7,"column":0},"end":{"line":7,"column":0}},"7":{"start":{"line":8,"column":0},"end":{"line":8,"column":55}},"8":{"start":{"line":9,"column":0},"end":{"line":9,"column":35}},"9":{"start":{"line":10,"column":0},"end":{"line":10,"column":0}},"10":{"start":{"line":11,"column":0},"end":{"line":11,"column":52}},"11":{"start":{"line":12,"column":0},"end":{"line":12,"column":46}},"12":{"start":{"line":13,"column":0},"end":{"line":13,"column":0}},"13":{"start":{"line":14,"column":0},"end":{"line":14,"column":57}},"14":{"start":{"line":15,"column":0},"end":{"line":15,"column":59}},"15":{"start":{"line":16,"column":0},"end":{"line":16,"column":0}},"16":{"start":{"line":17,"column":0},"end":{"line":17,"column":54}},"17":{"start":{"line":18,"column":0},"end":{"line":18,"column":52}},"18":{"start":{"line":19,"column":0},"end":{"line":19,"column":0}},"19":{"start":{"line":20,"column":0},"end":{"line":20,"column":33}},"20":{"start":{"line":21,"column":0},"end":{"line":21,"column":30}},"21":{"start":{"line":22,"column":0},"end":{"line":22,"column":26}},"22":{"start":{"line":23,"column":0},"end":{"line":23,"column":3}},"23":{"start":{"line":24,"column":0},"end":{"line":24,"column":0}},"24":{"start":{"line":25,"column":0},"end":{"line":25,"column":13}},"25":{"start":{"line":26,"column":0},"end":{"line":26,"column":1}},"26":{"start":{"line":27,"column":0},"end":{"line":27,"column":0}},"27":{"start":{"line":28,"column":0},"end":{"line":28,"column":50}},"28":{"start":{"line":29,"column":0},"end":{"line":29,"column":27}},"29":{"start":{"line":30,"column":0},"end":{"line":30,"column":1}},"30":{"start":{"line":31,"column":0},"end":{"line":31,"column":0}},"31":{"start":{"line":32,"column":0},"end":{"line":32,"column":34}},"32":{"start":{"line":33,"column":0},"end":{"line":33,"column":27}},"33":{"start":{"line":34,"column":0},"end":{"line":34,"column":18}},"34":{"start":{"line":35,"column":0},"end":{"line":35,"column":21}},"35":{"start":{"line":36,"column":0},"end":{"line":36,"column":19}},"36":{"start":{"line":37,"column":0},"end":{"line":37,"column":15}},"37":{"start":{"line":38,"column":0},"end":{"line":38,"column":1}},"38":{"start":{"line":39,"column":0},"end":{"line":39,"column":0}},"39":{"start":{"line":40,"column":0},"end":{"line":40,"column":42}},"40":{"start":{"line":41,"column":0},"end":{"line":41,"column":30}},"41":{"start":{"line":42,"column":0},"end":{"line":42,"column":56}},"42":{"start":{"line":43,"column":0},"end":{"line":43,"column":1}},"43":{"start":{"line":44,"column":0},"end":{"line":44,"column":0}},"44":{"start":{"line":45,"column":0},"end":{"line":45,"column":73}},"45":{"start":{"line":46,"column":0},"end":{"line":46,"column":27}},"46":{"start":{"line":47,"column":0},"end":{"line":47,"column":48}},"47":{"start":{"line":48,"column":0},"end":{"line":48,"column":49}},"48":{"start":{"line":49,"column":0},"end":{"line":49,"column":1}},"49":{"start":{"line":50,"column":0},"end":{"line":50,"column":0}},"50":{"start":{"line":51,"column":0},"end":{"line":51,"column":81}},"51":{"start":{"line":52,"column":0},"end":{"line":52,"column":47}},"52":{"start":{"line":53,"column":0},"end":{"line":53,"column":18}},"53":{"start":{"line":54,"column":0},"end":{"line":54,"column":3}},"54":{"start":{"line":55,"column":0},"end":{"line":55,"column":0}},"55":{"start":{"line":56,"column":0},"end":{"line":56,"column":72}},"56":{"start":{"line":57,"column":0},"end":{"line":57,"column":68}},"57":{"start":{"line":58,"column":0},"end":{"line":58,"column":1}},"58":{"start":{"line":59,"column":0},"end":{"line":59,"column":0}},"59":{"start":{"line":60,"column":0},"end":{"line":60,"column":53}},"60":{"start":{"line":61,"column":0},"end":{"line":61,"column":38}},"61":{"start":{"line":62,"column":0},"end":{"line":62,"column":34}},"62":{"start":{"line":63,"column":0},"end":{"line":63,"column":1}},"63":{"start":{"line":64,"column":0},"end":{"line":64,"column":0}},"64":{"start":{"line":65,"column":0},"end":{"line":65,"column":37}},"65":{"start":{"line":66,"column":0},"end":{"line":66,"column":7}},"66":{"start":{"line":67,"column":0},"end":{"line":67,"column":6}},"67":{"start":{"line":68,"column":0},"end":{"line":68,"column":6}},"68":{"start":{"line":69,"column":0},"end":{"line":69,"column":4}},"69":{"start":{"line":70,"column":0},"end":{"line":70,"column":21}},"70":{"start":{"line":71,"column":0},"end":{"line":71,"column":21}},"71":{"start":{"line":72,"column":0},"end":{"line":72,"column":21}},"72":{"start":{"line":73,"column":0},"end":{"line":73,"column":7}},"73":{"start":{"line":74,"column":0},"end":{"line":74,"column":82}},"74":{"start":{"line":75,"column":0},"end":{"line":75,"column":1}},"75":{"start":{"line":76,"column":0},"end":{"line":76,"column":0}},"76":{"start":{"line":77,"column":0},"end":{"line":77,"column":48}},"77":{"start":{"line":78,"column":0},"end":{"line":78,"column":13}},"78":{"start":{"line":79,"column":0},"end":{"line":79,"column":6}},"79":{"start":{"line":80,"column":0},"end":{"line":80,"column":6}},"80":{"start":{"line":81,"column":0},"end":{"line":81,"column":4}},"81":{"start":{"line":82,"column":0},"end":{"line":82,"column":38}},"82":{"start":{"line":83,"column":0},"end":{"line":83,"column":24}},"83":{"start":{"line":84,"column":0},"end":{"line":84,"column":24}},"84":{"start":{"line":85,"column":0},"end":{"line":85,"column":5}},"85":{"start":{"line":86,"column":0},"end":{"line":86,"column":17}},"86":{"start":{"line":87,"column":0},"end":{"line":87,"column":33}},"87":{"start":{"line":88,"column":0},"end":{"line":88,"column":54}},"88":{"start":{"line":89,"column":0},"end":{"line":89,"column":0}},"89":{"start":{"line":90,"column":0},"end":{"line":90,"column":44}},"90":{"start":{"line":91,"column":0},"end":{"line":91,"column":17}},"91":{"start":{"line":92,"column":0},"end":{"line":92,"column":13}},"92":{"start":{"line":93,"column":0},"end":{"line":93,"column":6}},"93":{"start":{"line":94,"column":0},"end":{"line":94,"column":6}},"94":{"start":{"line":95,"column":0},"end":{"line":95,"column":4}},"95":{"start":{"line":96,"column":0},"end":{"line":96,"column":24}},"96":{"start":{"line":97,"column":0},"end":{"line":97,"column":28}},"97":{"start":{"line":98,"column":0},"end":{"line":98,"column":24}},"98":{"start":{"line":99,"column":0},"end":{"line":99,"column":24}},"99":{"start":{"line":100,"column":0},"end":{"line":100,"column":5}},"100":{"start":{"line":101,"column":0},"end":{"line":101,"column":17}},"101":{"start":{"line":102,"column":0},"end":{"line":102,"column":78}},"102":{"start":{"line":103,"column":0},"end":{"line":103,"column":50}},"103":{"start":{"line":104,"column":0},"end":{"line":104,"column":57}},"104":{"start":{"line":105,"column":0},"end":{"line":105,"column":22}}},"s":{"0":1,"1":1,"2":1,"3":1,"4":1,"5":23,"6":23,"7":23,"8":23,"9":23,"10":23,"11":23,"12":23,"13":23,"14":23,"15":23,"16":23,"17":23,"18":23,"19":23,"20":840,"21":840,"22":840,"23":23,"24":23,"25":23,"26":1,"27":1,"28":14,"29":14,"30":1,"31":1,"32":1,"33":1,"34":1,"35":1,"36":1,"37":1,"38":1,"39":1,"40":840,"41":840,"42":840,"43":1,"44":1,"45":1,"46":1,"47":1,"48":1,"49":1,"50":1,"51":23,"52":23,"53":23,"54":23,"55":23,"56":23,"57":23,"58":1,"59":1,"60":22,"61":0,"62":22,"63":1,"64":1,"65":853,"66":853,"67":853,"68":853,"69":853,"70":853,"71":853,"72":853,"73":853,"74":840,"75":1,"76":1,"77":14,"78":14,"79":14,"80":14,"81":14,"82":14,"83":14,"84":14,"85":14,"86":14,"87":13,"88":1,"89":1,"90":0,"91":0,"92":0,"93":0,"94":0,"95":0,"96":0,"97":0,"98":0,"99":0,"100":0,"101":0,"102":0,"103":0,"104":0},"branchMap":{"0":{"type":"branch","line":5,"loc":{"start":{"line":5,"column":7},"end":{"line":26,"column":1}},"locations":[{"start":{"line":5,"column":7},"end":{"line":26,"column":1}}]},"1":{"type":"branch","line":8,"loc":{"start":{"line":8,"column":37},"end":{"line":8,"column":55}},"locations":[{"start":{"line":8,"column":37},"end":{"line":8,"column":55}}]},"2":{"type":"branch","line":9,"loc":{"start":{"line":9,"column":30},"end":{"line":9,"column":35}},"locations":[{"start":{"line":9,"column":30},"end":{"line":9,"column":35}}]},"3":{"type":"branch","line":20,"loc":{"start":{"line":20,"column":32},"end":{"line":23,"column":3}},"locations":[{"start":{"line":20,"column":32},"end":{"line":23,"column":3}}]},"4":{"type":"branch","line":26,"loc":{"start":{"line":26,"column":0},"end":{"line":26,"column":1}},"locations":[{"start":{"line":26,"column":0},"end":{"line":26,"column":1}}]},"5":{"type":"branch","line":28,"loc":{"start":{"line":28,"column":29},"end":{"line":30,"column":1}},"locations":[{"start":{"line":28,"column":29},"end":{"line":30,"column":1}}]},"6":{"type":"branch","line":30,"loc":{"start":{"line":30,"column":0},"end":{"line":30,"column":1}},"locations":[{"start":{"line":30,"column":0},"end":{"line":30,"column":1}}]},"7":{"type":"branch","line":40,"loc":{"start":{"line":40,"column":23},"end":{"line":43,"column":1}},"locations":[{"start":{"line":40,"column":23},"end":{"line":43,"column":1}}]},"8":{"type":"branch","line":43,"loc":{"start":{"line":43,"column":0},"end":{"line":43,"column":1}},"locations":[{"start":{"line":43,"column":0},"end":{"line":43,"column":1}}]},"9":{"type":"branch","line":45,"loc":{"start":{"line":45,"column":32},"end":{"line":49,"column":1}},"locations":[{"start":{"line":45,"column":32},"end":{"line":49,"column":1}}]},"10":{"type":"branch","line":47,"loc":{"start":{"line":47,"column":12},"end":{"line":47,"column":40}},"locations":[{"start":{"line":47,"column":12},"end":{"line":47,"column":40}}]},"11":{"type":"branch","line":49,"loc":{"start":{"line":49,"column":0},"end":{"line":49,"column":1}},"locations":[{"start":{"line":49,"column":0},"end":{"line":49,"column":1}}]},"12":{"type":"branch","line":51,"loc":{"start":{"line":51,"column":28},"end":{"line":58,"column":1}},"locations":[{"start":{"line":51,"column":28},"end":{"line":58,"column":1}}]},"13":{"type":"branch","line":56,"loc":{"start":{"line":56,"column":37},"end":{"line":56,"column":51}},"locations":[{"start":{"line":56,"column":37},"end":{"line":56,"column":51}}]},"14":{"type":"branch","line":58,"loc":{"start":{"line":58,"column":0},"end":{"line":58,"column":1}},"locations":[{"start":{"line":58,"column":0},"end":{"line":58,"column":1}}]},"15":{"type":"branch","line":60,"loc":{"start":{"line":60,"column":32},"end":{"line":63,"column":1}},"locations":[{"start":{"line":60,"column":32},"end":{"line":63,"column":1}}]},"16":{"type":"branch","line":61,"loc":{"start":{"line":61,"column":22},"end":{"line":62,"column":34}},"locations":[{"start":{"line":61,"column":22},"end":{"line":62,"column":34}}]},"17":{"type":"branch","line":63,"loc":{"start":{"line":63,"column":0},"end":{"line":63,"column":1}},"locations":[{"start":{"line":63,"column":0},"end":{"line":63,"column":1}}]},"18":{"type":"branch","line":65,"loc":{"start":{"line":65,"column":35},"end":{"line":75,"column":1}},"locations":[{"start":{"line":65,"column":35},"end":{"line":75,"column":1}}]},"19":{"type":"branch","line":74,"loc":{"start":{"line":74,"column":10},"end":{"line":74,"column":49}},"locations":[{"start":{"line":74,"column":10},"end":{"line":74,"column":49}}]},"20":{"type":"branch","line":74,"loc":{"start":{"line":74,"column":42},"end":{"line":74,"column":82}},"locations":[{"start":{"line":74,"column":42},"end":{"line":74,"column":82}}]},"21":{"type":"branch","line":74,"loc":{"start":{"line":74,"column":49},"end":{"line":74,"column":82}},"locations":[{"start":{"line":74,"column":49},"end":{"line":74,"column":82}}]},"22":{"type":"branch","line":75,"loc":{"start":{"line":75,"column":0},"end":{"line":75,"column":1}},"locations":[{"start":{"line":75,"column":0},"end":{"line":75,"column":1}}]},"23":{"type":"branch","line":77,"loc":{"start":{"line":77,"column":46},"end":{"line":88,"column":54}},"locations":[{"start":{"line":77,"column":46},"end":{"line":88,"column":54}}]},"24":{"type":"branch","line":87,"loc":{"start":{"line":87,"column":29},"end":{"line":88,"column":54}},"locations":[{"start":{"line":87,"column":29},"end":{"line":88,"column":54}}]},"25":{"type":"branch","line":88,"loc":{"start":{"line":88,"column":53},"end":{"line":88,"column":54}},"locations":[{"start":{"line":88,"column":53},"end":{"line":88,"column":54}}]}},"b":{"0":[23],"1":[0],"2":[0],"3":[840],"4":[23],"5":[14],"6":[14],"7":[840],"8":[840],"9":[1],"10":[0],"11":[1],"12":[23],"13":[0],"14":[23],"15":[22],"16":[0],"17":[22],"18":[853],"19":[36],"20":[817],"21":[0],"22":[840],"23":[14],"24":[13],"25":[14]},"fnMap":{"0":{"name":"getDaysOfMonth","decl":{"start":{"line":5,"column":7},"end":{"line":26,"column":1}},"loc":{"start":{"line":5,"column":7},"end":{"line":26,"column":1}},"line":5},"1":{"name":"get","decl":{"start":{"line":26,"column":0},"end":{"line":26,"column":1}},"loc":{"start":{"line":26,"column":0},"end":{"line":26,"column":1}},"line":26},"2":{"name":"getDaysOfWeek","decl":{"start":{"line":28,"column":29},"end":{"line":30,"column":1}},"loc":{"start":{"line":28,"column":29},"end":{"line":30,"column":1}},"line":28},"3":{"name":"get","decl":{"start":{"line":30,"column":0},"end":{"line":30,"column":1}},"loc":{"start":{"line":30,"column":0},"end":{"line":30,"column":1}},"line":30},"4":{"name":"isToday","decl":{"start":{"line":40,"column":23},"end":{"line":43,"column":1}},"loc":{"start":{"line":40,"column":23},"end":{"line":43,"column":1}},"line":40},"5":{"name":"get","decl":{"start":{"line":43,"column":0},"end":{"line":43,"column":1}},"loc":{"start":{"line":43,"column":0},"end":{"line":43,"column":1}},"line":43},"6":{"name":"isInCurrentMonth","decl":{"start":{"line":45,"column":32},"end":{"line":49,"column":1}},"loc":{"start":{"line":45,"column":32},"end":{"line":49,"column":1}},"line":45},"7":{"name":"get","decl":{"start":{"line":49,"column":0},"end":{"line":49,"column":1}},"loc":{"start":{"line":49,"column":0},"end":{"line":49,"column":1}},"line":49},"8":{"name":"getMonthName","decl":{"start":{"line":51,"column":28},"end":{"line":58,"column":1}},"loc":{"start":{"line":51,"column":28},"end":{"line":58,"column":1}},"line":51},"9":{"name":"get","decl":{"start":{"line":58,"column":0},"end":{"line":58,"column":1}},"loc":{"start":{"line":58,"column":0},"end":{"line":58,"column":1}},"line":58},"10":{"name":"getAllmonthNames","decl":{"start":{"line":60,"column":32},"end":{"line":63,"column":1}},"loc":{"start":{"line":60,"column":32},"end":{"line":63,"column":1}},"line":60},"11":{"name":"get","decl":{"start":{"line":63,"column":0},"end":{"line":63,"column":1}},"loc":{"start":{"line":63,"column":0},"end":{"line":63,"column":1}},"line":63},"12":{"name":"isInMinMaxDateRange","decl":{"start":{"line":65,"column":35},"end":{"line":75,"column":1}},"loc":{"start":{"line":65,"column":35},"end":{"line":75,"column":1}},"line":65},"13":{"name":"get","decl":{"start":{"line":75,"column":0},"end":{"line":75,"column":1}},"loc":{"start":{"line":75,"column":0},"end":{"line":75,"column":1}},"line":75},"14":{"name":"shouldSetDefaultActiveCalendar","decl":{"start":{"line":77,"column":46},"end":{"line":88,"column":54}},"loc":{"start":{"line":77,"column":46},"end":{"line":88,"column":54}},"line":77},"15":{"name":"get","decl":{"start":{"line":88,"column":53},"end":{"line":88,"column":54}},"loc":{"start":{"line":88,"column":53},"end":{"line":88,"column":54}},"line":88},"16":{"name":"shouldUpdateActiveCalender","decl":{"start":{"line":90,"column":42},"end":{"line":105,"column":22}},"loc":{"start":{"line":90,"column":42},"end":{"line":105,"column":22}},"line":90},"17":{"name":"get","decl":{"start":{"line":105,"column":21},"end":{"line":105,"column":22}},"loc":{"start":{"line":105,"column":21},"end":{"line":105,"column":22}},"line":105}},"f":{"0":23,"1":23,"2":14,"3":14,"4":840,"5":840,"6":1,"7":1,"8":23,"9":23,"10":22,"11":22,"12":853,"13":840,"14":14,"15":14,"16":0,"17":0}}
,"E:\\Projects\\use-calendar\\src\\hook\\use-update-effect.tsx": {"path":"E:\\Projects\\use-calendar\\src\\hook\\use-update-effect.tsx","all":false,"statementMap":{"0":{"start":{"line":1,"column":0},"end":{"line":1,"column":41}},"1":{"start":{"line":2,"column":0},"end":{"line":2,"column":0}},"2":{"start":{"line":3,"column":0},"end":{"line":3,"column":63}},"3":{"start":{"line":4,"column":0},"end":{"line":4,"column":35}},"4":{"start":{"line":5,"column":0},"end":{"line":5,"column":19}},"5":{"start":{"line":6,"column":0},"end":{"line":6,"column":30}},"6":{"start":{"line":7,"column":0},"end":{"line":7,"column":17}},"7":{"start":{"line":8,"column":0},"end":{"line":8,"column":5}},"8":{"start":{"line":9,"column":0},"end":{"line":9,"column":30}},"9":{"start":{"line":10,"column":0},"end":{"line":10,"column":10}},"10":{"start":{"line":11,"column":0},"end":{"line":11,"column":1}},"11":{"start":{"line":12,"column":0},"end":{"line":12,"column":0}},"12":{"start":{"line":13,"column":0},"end":{"line":13,"column":30}}},"s":{"0":1,"1":1,"2":1,"3":23,"4":23,"5":14,"6":0,"7":0,"8":14,"9":23,"10":23,"11":1,"12":1},"branchMap":{"0":{"type":"branch","line":3,"loc":{"start":{"line":3,"column":24},"end":{"line":11,"column":1}},"locations":[{"start":{"line":3,"column":24},"end":{"line":11,"column":1}}]},"1":{"type":"branch","line":5,"loc":{"start":{"line":5,"column":12},"end":{"line":10,"column":5}},"locations":[{"start":{"line":5,"column":12},"end":{"line":10,"column":5}}]},"2":{"type":"branch","line":6,"loc":{"start":{"line":6,"column":29},"end":{"line":8,"column":5}},"locations":[{"start":{"line":6,"column":29},"end":{"line":8,"column":5}}]}},"b":{"0":[23],"1":[14],"2":[0]},"fnMap":{"0":{"name":"useUpdateEffect","decl":{"start":{"line":3,"column":24},"end":{"line":11,"column":1}},"loc":{"start":{"line":3,"column":24},"end":{"line":11,"column":1}},"line":3}},"f":{"0":23}}
}
